  convolution-inference.c
  convolution-input-gradient.c
  convolution-kernel-gradient.c
  convolution-output.c
  fully-connected-inference.c
  fully-connected-output.c
  init.c
  pooling-output.c
  convolution-input-gradient-ref.c
  convolution-kernel-gradient-ref.c
  convolution-output-ref.c
  fully-connected-output-ref.c
  max-pooling-output-ref.c
  relu-input-gradient-ref.c
  relu-output-ref.c
  softmax-output-ref.c
  relu-input-gradient.c
  relu-output.c
  softmax-output.c
  exp.c
  Compiling...
  softmax.c
  pthreadpool.cpp
  aos-ref.cpp
  forward-dualreal-ref.cpp
  forward-real-ref.cpp
  inverse-dualreal-ref.cpp
  inverse-real-ref.cpp
  soa-ref.cpp
  nnpack.vcxproj -> C:\Users\dhaen\Source\Repos\nnpack\x64\Release\nnpack.lib
