c:\users\dhaen\source\repos\nnpack\x64\release\exp.obj
c:\users\dhaen\source\repos\nnpack\x64\release\softmax-output.obj
c:\users\dhaen\source\repos\nnpack\x64\release\relu-output.obj
c:\users\dhaen\source\repos\nnpack\x64\release\relu-input-gradient.obj
c:\users\dhaen\source\repos\nnpack\x64\release\softmax-output-ref.obj
c:\users\dhaen\source\repos\nnpack\x64\release\relu-output-ref.obj
c:\users\dhaen\source\repos\nnpack\x64\release\relu-input-gradient-ref.obj
c:\users\dhaen\source\repos\nnpack\x64\release\max-pooling-output-ref.obj
c:\users\dhaen\source\repos\nnpack\x64\release\fully-connected-output-ref.obj
c:\users\dhaen\source\repos\nnpack\x64\release\convolution-output-ref.obj
c:\users\dhaen\source\repos\nnpack\x64\release\convolution-kernel-gradient-ref.obj
c:\users\dhaen\source\repos\nnpack\x64\release\convolution-input-gradient-ref.obj
c:\users\dhaen\source\repos\nnpack\x64\release\pooling-output.obj
c:\users\dhaen\source\repos\nnpack\x64\release\init.obj
c:\users\dhaen\source\repos\nnpack\x64\release\fully-connected-output.obj
c:\users\dhaen\source\repos\nnpack\x64\release\fully-connected-inference.obj
c:\users\dhaen\source\repos\nnpack\x64\release\convolution-kernel-gradient.obj
c:\users\dhaen\source\repos\nnpack\x64\release\convolution-input-gradient.obj
c:\users\dhaen\source\repos\nnpack\x64\release\convolution-inference.obj
c:\users\dhaen\source\repos\nnpack\x64\release\softmax.obj
c:\users\dhaen\source\repos\nnpack\x64\release\nnpack.tlog\cl.command.1.tlog
c:\users\dhaen\source\repos\nnpack\x64\release\nnpack.tlog\cl.read.1.tlog
c:\users\dhaen\source\repos\nnpack\x64\release\nnpack.tlog\cl.write.1.tlog
