c:\users\dhaen\source\repos\nnpack\x64\debug\nnpack.pdb
c:\users\dhaen\source\repos\nnpack\x64\debug\nnpack.idb
c:\users\dhaen\source\repos\nnpack\x64\debug\convolution-kernel-gradient-ref.obj
c:\users\dhaen\source\repos\nnpack\x64\debug\convolution-output-ref.obj
c:\users\dhaen\source\repos\nnpack\x64\debug\aos-ref.obj
c:\users\dhaen\source\repos\nnpack\x64\debug\forward-dualreal-ref.obj
c:\users\dhaen\source\repos\nnpack\x64\debug\forward-real-ref.obj
c:\users\dhaen\source\repos\nnpack\x64\debug\inverse-dualreal-ref.obj
c:\users\dhaen\source\repos\nnpack\x64\debug\inverse-real-ref.obj
c:\users\dhaen\source\repos\nnpack\x64\debug\soa-ref.obj
c:\users\dhaen\source\repos\nnpack\x64\debug\fully-connected-output-ref.obj
c:\users\dhaen\source\repos\nnpack\x64\debug\max-pooling-output-ref.obj
c:\users\dhaen\source\repos\nnpack\x64\debug\relu-input-gradient-ref.obj
c:\users\dhaen\source\repos\nnpack\x64\debug\relu-output-ref.obj
c:\users\dhaen\source\repos\nnpack\x64\debug\softmax-output-ref.obj
c:\users\dhaen\source\repos\nnpack\x64\debug\relu-input-gradient.obj
c:\users\dhaen\source\repos\nnpack\x64\debug\relu-output.obj
c:\users\dhaen\source\repos\nnpack\x64\debug\softmax-output.obj
c:\users\dhaen\source\repos\nnpack\x64\debug\aos.obj
c:\users\dhaen\source\repos\nnpack\x64\debug\dualreal.obj
c:\users\dhaen\source\repos\nnpack\x64\debug\real.obj
c:\users\dhaen\source\repos\nnpack\x64\debug\soa.obj
c:\users\dhaen\source\repos\nnpack\x64\debug\convolution-inference.obj
c:\users\dhaen\source\repos\nnpack\x64\debug\convolution-input-gradient.obj
c:\users\dhaen\source\repos\nnpack\x64\debug\convolution-kernel-gradient.obj
c:\users\dhaen\source\repos\nnpack\x64\debug\convolution-output.obj
c:\users\dhaen\source\repos\nnpack\x64\debug\fully-connected-inference.obj
c:\users\dhaen\source\repos\nnpack\x64\debug\fully-connected-output.obj
c:\users\dhaen\source\repos\nnpack\x64\debug\init.obj
c:\users\dhaen\source\repos\nnpack\x64\debug\pooling-output.obj
c:\users\dhaen\source\repos\nnpack\x64\debug\pthreadpool.obj
c:\users\dhaen\source\repos\nnpack\x64\debug\convolution-input-gradient-ref.obj
c:\users\dhaen\source\repos\nnpack\x64\debug\2d-fourier-16x16.obj
c:\users\dhaen\source\repos\nnpack\x64\debug\2d-fourier-8x8.obj
c:\users\dhaen\source\repos\nnpack\x64\debug\2d-winograd-8x8-3x3.obj
c:\users\dhaen\source\repos\nnpack\x64\debug\cgemm-conjb-transc.obj
c:\users\dhaen\source\repos\nnpack\x64\debug\cgemm-conjb.obj
c:\users\dhaen\source\repos\nnpack\x64\debug\cgemm.obj
c:\users\dhaen\source\repos\nnpack\x64\debug\conv1x1.obj
c:\users\dhaen\source\repos\nnpack\x64\debug\s2gemm-transc.obj
c:\users\dhaen\source\repos\nnpack\x64\debug\s2gemm.obj
c:\users\dhaen\source\repos\nnpack\x64\debug\sdotxf.obj
c:\users\dhaen\source\repos\nnpack\x64\debug\sgemm.obj
c:\users\dhaen\source\repos\nnpack\x64\debug\shdotxf.obj
c:\users\dhaen\source\repos\nnpack\x64\debug\fft-aos.obj
c:\users\dhaen\source\repos\nnpack\x64\debug\fft-dualreal.obj
c:\users\dhaen\source\repos\nnpack\x64\debug\fft-real.obj
c:\users\dhaen\source\repos\nnpack\x64\debug\fft-soa.obj
c:\users\dhaen\source\repos\nnpack\x64\debug\relu.obj
c:\users\dhaen\source\repos\nnpack\x64\debug\softmax.obj
c:\users\dhaen\source\repos\nnpack\x64\debug\winograd-f6k3.obj
c:\users\dhaen\appdata\local\temp\irmagent.log
c:\users\dhaen\appdata\local\microsoft\clr_v4.0\usagelogs\intelremotemonagent2.exe.log
c:\users\dhaen\source\repos\nnpack\x64\debug\nnpack.lib
c:\users\dhaen\source\repos\nnpack\x64\debug\test.ilk
c:\users\dhaen\source\repos\nnpack\x64\debug\test.pdb
c:\users\dhaen\source\repos\nnpack\x64\debug\nnpack.tlog\cl.command.1.tlog
c:\users\dhaen\source\repos\nnpack\x64\debug\nnpack.tlog\cl.read.1.tlog
c:\users\dhaen\source\repos\nnpack\x64\debug\nnpack.tlog\cl.write.1.tlog
c:\users\dhaen\source\repos\nnpack\x64\debug\nnpack.tlog\icl-intelremotemonserver-intelremotemonagent-intelremotemonagent2.read.1.tlog
c:\users\dhaen\source\repos\nnpack\x64\debug\nnpack.tlog\icl-intelremotemonserver-intelremotemonagent-intelremotemonagent2.write.1.tlog
c:\users\dhaen\source\repos\nnpack\x64\debug\nnpack.tlog\icl-intelremotemonserver-intelremotemonagent.read.1.tlog
c:\users\dhaen\source\repos\nnpack\x64\debug\nnpack.tlog\icl-intelremotemonserver-intelremotemonagent.read.2.tlog
c:\users\dhaen\source\repos\nnpack\x64\debug\nnpack.tlog\icl-intelremotemonserver.read.1.tlog
c:\users\dhaen\source\repos\nnpack\x64\debug\nnpack.tlog\icl-intelremotemonserver.read.2.tlog
c:\users\dhaen\source\repos\nnpack\x64\debug\nnpack.tlog\icl-intelremotemonserver.read.9.tlog
c:\users\dhaen\source\repos\nnpack\x64\debug\nnpack.tlog\icl-intelremotemonserver.write.2.tlog
c:\users\dhaen\source\repos\nnpack\x64\debug\nnpack.tlog\lib-link.read.1.tlog
c:\users\dhaen\source\repos\nnpack\x64\debug\nnpack.tlog\lib-link.write.1.tlog
c:\users\dhaen\source\repos\nnpack\x64\debug\nnpack.tlog\lib.command.1.tlog
